2018-04-12T17:58:14.4926258+05:30;Thread#1;Info;Discovering target: Default
2018-04-12T17:58:14.5394261+05:30;Thread#1;Info;Discovering tests from assembly: D:\Manika\AvivaAssessment\AvivaAssessment\bin\Debug\AvivaAssessment.dll
Appdomain Disposed
Test Suite Dump
#0: AvivaAssessment/Default - 
#1: Default - 
#2: AvivaAssessment - 
#3: Print 5th link text of Aviva - 
#4: Search with Aviva keyword on Google home page and print the 5th link text, AVIVA - TestAssembly:AvivaAssessment/Feature:Print+5th+link+text+of+Aviva/Scenario:Search+with+Aviva+keyword+on+Google+home+page+and+print+the+5th+link+text%2c+AVIVA
#5: Search with Aviva keyword on Google home page and Invalid login on AVIVA login page, AVIVA - TestAssembly:AvivaAssessment/Feature:Print+5th+link+text+of+Aviva/Scenario:Search+with+Aviva+keyword+on+Google+home+page+and+Invalid+login+on+AVIVA+login+page%2c+AVIVA
End: Test Suite Dump
Thread#0:Scheduler: get next test for thread 0
Thread#:Scheduler: testitem #4 from normal test queue 
Thread#0:Scheduler: considering testitem #4 for thread 0
Thread#0:TestItem#4:testItemMatchesCurrentTestThread:UnSpecific
Thread#0:TestItem#4:runsOnOneOtherThreadSpecific:False
Thread#0:TestItem#4:runsOnOneOtherThreadUnspecific:False
Thread#0:Scheduler: using testitem #4 for thread 0
Thread#0:Scheduler: Test #4 is scheduled for thread
Thread#0:Scheduler: with testItemExecutionIndex 0
Thread #0: creating new test thread executor for AvivaAssessment, Version=1.0.0.0, Culture=neutral, PublicKeyToken=null (target: Default)
Loading SpecRun type 'TechTalk.SpecRun.Framework.TestAssemblyExecutor' from: D:\Manika\AvivaAssessment\packages\SpecRun.Runner.1.7.0\tools\TechTalk.SpecRun.Framework.Executor.dll
Thread#0: Test #4/0 is started on thread #0
Thread#0:T:-> Using app.config
Thread#0:B:Given launch the google home page
Thread#0:T:done: StepDefinitions.GivenLaunchTheGoogleHomePage() (12.3s)
Thread#0:T:SCREENSHOT[ file:///D:\Manika\AvivaAssessment\AvivaAssessment\bin\Debug\tmpB382.jpg ]SCREENSHOT
Thread#0:B:And search with the string 'AVIVA'
Thread#0:T:done: StepDefinitions.GivenSearchWithTheString("AVIVA") (0.1s)
Thread#0:T:SCREENSHOT[ file:///D:\Manika\AvivaAssessment\AvivaAssessment\bin\Debug\tmpB596.jpg ]SCREENSHOT
Thread#0:B:When click on search button
Thread#0:T:done: StepDefinitions.WhenClickOnSearchButton() (5.1s)
Thread#0:T:SCREENSHOT[ file:///D:\Manika\AvivaAssessment\AvivaAssessment\bin\Debug\tmpCBD5.jpg ]SCREENSHOT
Thread#0:B:Then prints the 5th link text of results page.
Thread#0:T:Link text of 5 th link is:e-Statement
Thread#0:T:done: StepDefinitions.ThenPrintsTheThLinkTextOfResultsPage_(5) (0.0s)
Thread#0:T:SCREENSHOT[ file:///D:\Manika\AvivaAssessment\AvivaAssessment\bin\Debug\tmpCDC9.jpg ]SCREENSHOT
Thread#0:B:And number of links should be 11
Thread#0:T:Total number of links returned:11
Thread#0:T:Expected number of links returned :11
Thread#0:T:done: StepDefinitions.ThenNumberOfLinksShouldBe(11) (0.2s)
Thread#0:T:SCREENSHOT[ file:///D:\Manika\AvivaAssessment\AvivaAssessment\bin\Debug\tmpD01B.jpg ]SCREENSHOT
Thread#0:Scheduler: get next test for thread 0
Thread#:Scheduler: testitem #5 from normal test queue 
Thread#0:Scheduler: considering testitem #5 for thread 0
Thread#0:TestItem#5:testItemMatchesCurrentTestThread:UnSpecific
Thread#0:TestItem#5:runsOnOneOtherThreadSpecific:False
Thread#0:TestItem#5:runsOnOneOtherThreadUnspecific:False
Thread#0:Scheduler: using testitem #5 for thread 0
Thread#0:Scheduler: Test #5 is scheduled for thread
Thread#0:Scheduler: with testItemExecutionIndex 0
Thread#0: Test #4/0 is finished on thread #0 as Succeeded within 33.4559219 seconds
Thread#0: Test #5/0 is started on thread #0
Thread#0:B:Given launch the google home page
Thread#0:T:done: StepDefinitions.GivenLaunchTheGoogleHomePage() (8.6s)
Thread#0:T:SCREENSHOT[ file:///D:\Manika\AvivaAssessment\AvivaAssessment\bin\Debug\tmp916.jpg ]SCREENSHOT
Thread#0:B:And search with the string 'AVIVA'
Thread#0:T:done: StepDefinitions.GivenSearchWithTheString("AVIVA") (0.1s)
Thread#0:T:SCREENSHOT[ file:///D:\Manika\AvivaAssessment\AvivaAssessment\bin\Debug\tmpAEB.jpg ]SCREENSHOT
Thread#0:B:When click on search button
Thread#0:T:done: StepDefinitions.WhenClickOnSearchButton() (4.3s)
Thread#0:T:SCREENSHOT[ file:///D:\Manika\AvivaAssessment\AvivaAssessment\bin\Debug\tmp1D91.jpg ]SCREENSHOT
Thread#0:B:And I click on Aviva link and login button without providing credentials
Thread#0:T:done: StepDefinitions.WhenIClickOnAvivaLinkAndLoginButtonWithoutProvidingCredentials() (1.7s)
Thread#0:T:SCREENSHOT[ file:///D:\Manika\AvivaAssessment\AvivaAssessment\bin\Debug\tmp25AD.jpg ]SCREENSHOT
Thread#0:B:Then the result should be the error message display
Thread#0:T:Error Message displayed on clicking Login without providing credentials: Please fill in all 3 fields.
Thread#0:T:done: StepDefinitions.ThenTheResultShouldBeTheErrorMessageDisplay() (0.0s)
Thread#0:T:SCREENSHOT[ file:///D:\Manika\AvivaAssessment\AvivaAssessment\bin\Debug\tmp27A1.jpg ]SCREENSHOT
Thread#0:Scheduler: get next test for thread 0
Thread#:Scheduler: at the end of normal test queue
Thread#0:Scheduler: enumerator for thread is at end
Thread#0:Scheduler: No more tests for thread
Thread#0: Test #5/0 is finished on thread #0 as Succeeded within 20.0891693 seconds
Appdomain Disposed
Thread#-1:Scheduler: get next test for thread -1
Thread#:Scheduler: at the end of normal test queue
Thread#-1:Scheduler: enumerator for thread is at end
Total: 2
Succeeded: 2
Ignored: 0
Pending: 0
Skipped: 0
Failed: 0
